[2024-10-03 18:13:42,603: INFO: main: >>>>>> stage Data Validation stage started <<<<<<]
[2024-10-03 18:13:42,619: INFO: common: yaml file: config\config.yaml loaded successfully]
[2024-10-03 18:13:42,619: INFO: common: yaml file: schema.yaml loaded successfully]
[2024-10-03 18:13:42,619: INFO: common: created directory at: artifacts/data_validation]
[2024-10-03 18:13:43,476: INFO: main: >>>>>> stage Data Validation stage completed <<<<<<]
[2024-10-03 18:13:43,476: INFO: main: >>>>>> stage Data Preprocessing stage started <<<<<<]
[2024-10-03 18:13:43,492: INFO: common: yaml file: config\config.yaml loaded successfully]
[2024-10-03 18:13:43,502: INFO: common: yaml file: schema.yaml loaded successfully]
[2024-10-03 18:13:43,502: INFO: common: created directory at: artifacts/data_preprocessing]
[2024-10-03 18:13:44,204: INFO: main: >>>>>> stage Data Preprocessing stage completed <<<<<<]
[2024-10-03 18:13:44,204: INFO: main: >>>>>> stage Data Transformation stage started <<<<<<]
[2024-10-03 18:13:44,215: INFO: common: yaml file: config\config.yaml loaded successfully]
[2024-10-03 18:13:44,231: INFO: common: yaml file: schema.yaml loaded successfully]
[2024-10-03 18:13:44,236: INFO: common: created directory at: artifacts/data_transformation]
[2024-10-03 18:13:44,515: INFO: main: >>>>>> stage Data Transformation stage completed <<<<<<]
[2024-10-03 18:13:44,516: INFO: main: >>>>>> stage Model Training stage started <<<<<<]
[2024-10-03 18:14:13,323: INFO: common: yaml file: config\config.yaml loaded successfully]
[2024-10-03 18:14:20,067: INFO: common: yaml file: schema.yaml loaded successfully]
[2024-10-03 18:16:42,528: INFO: common: created directory at: artifacts/model_trainer]
[2024-10-03 18:23:23,287: ERROR: stage_05_model_trainer: An error occurred in model trainer : {'name': 'pettah_average'}]
[2024-10-03 18:23:24,810: INFO: main: >>>>>> stage Model Training stage completed <<<<<<]
[2024-10-03 18:23:49,379: INFO: main: >>>>>> stage Data Validation stage started <<<<<<]
[2024-10-03 18:23:49,395: INFO: common: yaml file: config\config.yaml loaded successfully]
[2024-10-03 18:23:49,410: INFO: common: yaml file: schema.yaml loaded successfully]
[2024-10-03 18:23:49,412: INFO: common: created directory at: artifacts/data_validation]
[2024-10-03 18:23:50,455: INFO: main: >>>>>> stage Data Validation stage completed <<<<<<]
[2024-10-03 18:23:50,458: INFO: main: >>>>>> stage Data Preprocessing stage started <<<<<<]
[2024-10-03 18:23:50,464: INFO: common: yaml file: config\config.yaml loaded successfully]
[2024-10-03 18:23:50,464: INFO: common: yaml file: schema.yaml loaded successfully]
[2024-10-03 18:23:50,464: INFO: common: created directory at: artifacts/data_preprocessing]
[2024-10-03 18:23:51,362: INFO: main: >>>>>> stage Data Preprocessing stage completed <<<<<<]
[2024-10-03 18:23:51,362: INFO: main: >>>>>> stage Data Transformation stage started <<<<<<]
[2024-10-03 18:23:51,382: INFO: common: yaml file: config\config.yaml loaded successfully]
[2024-10-03 18:23:51,385: INFO: common: yaml file: schema.yaml loaded successfully]
[2024-10-03 18:23:51,388: INFO: common: created directory at: artifacts/data_transformation]
[2024-10-03 18:23:51,652: INFO: main: >>>>>> stage Data Transformation stage completed <<<<<<]
[2024-10-03 18:23:51,652: INFO: main: >>>>>> stage Model Training stage started <<<<<<]
[2024-10-03 18:24:12,627: INFO: common: yaml file: config\config.yaml loaded successfully]
[2024-10-03 18:24:12,627: INFO: common: yaml file: schema.yaml loaded successfully]
[2024-10-03 18:24:20,802: INFO: common: created directory at: artifacts/model_trainer]
[2024-10-03 18:40:47,047: INFO: main: >>>>>> stage Data Validation stage started <<<<<<]
[2024-10-03 18:40:47,067: INFO: common: yaml file: config\config.yaml loaded successfully]
[2024-10-03 18:40:47,071: INFO: common: yaml file: schema.yaml loaded successfully]
[2024-10-03 18:40:47,072: INFO: common: created directory at: artifacts/data_validation]
[2024-10-03 18:40:47,995: INFO: main: >>>>>> stage Data Validation stage completed <<<<<<]
[2024-10-03 18:40:47,995: INFO: main: >>>>>> stage Data Preprocessing stage started <<<<<<]
[2024-10-03 18:40:48,017: INFO: common: yaml file: config\config.yaml loaded successfully]
[2024-10-03 18:40:48,021: INFO: common: yaml file: schema.yaml loaded successfully]
[2024-10-03 18:40:48,023: INFO: common: created directory at: artifacts/data_preprocessing]
[2024-10-03 18:40:48,728: INFO: main: >>>>>> stage Data Preprocessing stage completed <<<<<<]
[2024-10-03 18:40:48,728: INFO: main: >>>>>> stage Data Transformation stage started <<<<<<]
[2024-10-03 18:40:48,728: INFO: common: yaml file: config\config.yaml loaded successfully]
[2024-10-03 18:40:48,745: INFO: common: yaml file: schema.yaml loaded successfully]
[2024-10-03 18:40:48,746: INFO: common: created directory at: artifacts/data_transformation]
[2024-10-03 18:40:49,004: INFO: main: >>>>>> stage Data Transformation stage completed <<<<<<]
[2024-10-03 18:40:49,007: INFO: main: >>>>>> stage Model Training stage started <<<<<<]
[2024-10-03 18:40:55,188: INFO: common: yaml file: config\config.yaml loaded successfully]
[2024-10-03 18:40:55,194: INFO: common: yaml file: schema.yaml loaded successfully]
[2024-10-03 18:40:57,712: INFO: common: created directory at: artifacts/model_trainer]
[2024-10-03 19:06:07,783: INFO: main: >>>>>> stage Data Validation stage started <<<<<<]
[2024-10-03 19:06:07,797: INFO: common: yaml file: config\config.yaml loaded successfully]
[2024-10-03 19:06:07,801: INFO: common: yaml file: schema.yaml loaded successfully]
[2024-10-03 19:06:07,802: INFO: common: created directory at: artifacts/data_validation]
[2024-10-03 19:06:08,709: INFO: main: >>>>>> stage Data Validation stage completed <<<<<<]
[2024-10-03 19:06:08,709: INFO: main: >>>>>> stage Data Preprocessing stage started <<<<<<]
[2024-10-03 19:06:08,710: INFO: common: yaml file: config\config.yaml loaded successfully]
[2024-10-03 19:06:08,710: INFO: common: yaml file: schema.yaml loaded successfully]
[2024-10-03 19:06:08,726: INFO: common: created directory at: artifacts/data_preprocessing]
[2024-10-03 19:06:09,459: INFO: main: >>>>>> stage Data Preprocessing stage completed <<<<<<]
[2024-10-03 19:06:09,459: INFO: main: >>>>>> stage Data Transformation stage started <<<<<<]
[2024-10-03 19:06:09,459: INFO: common: yaml file: config\config.yaml loaded successfully]
[2024-10-03 19:06:09,477: INFO: common: yaml file: schema.yaml loaded successfully]
[2024-10-03 19:06:09,479: INFO: common: created directory at: artifacts/data_transformation]
[2024-10-03 19:06:09,742: INFO: main: >>>>>> stage Data Transformation stage completed <<<<<<]
[2024-10-03 19:06:09,743: INFO: main: >>>>>> stage Model Training stage started <<<<<<]
[2024-10-03 19:06:15,247: INFO: common: yaml file: config\config.yaml loaded successfully]
[2024-10-03 19:06:15,263: INFO: common: yaml file: schema.yaml loaded successfully]
[2024-10-03 19:06:18,421: INFO: common: created directory at: artifacts/model_trainer]
[2024-10-03 19:09:43,412: INFO: main: >>>>>> stage Model Training stage completed <<<<<<]
[2024-10-03 19:11:48,844: INFO: main: >>>>>> stage Data Validation stage started <<<<<<]
[2024-10-03 19:11:48,847: INFO: common: yaml file: config\config.yaml loaded successfully]
[2024-10-03 19:11:48,849: INFO: common: yaml file: schema.yaml loaded successfully]
[2024-10-03 19:11:48,849: INFO: common: created directory at: artifacts/data_validation]
[2024-10-03 19:11:49,388: INFO: main: >>>>>> stage Data Validation stage completed <<<<<<]
[2024-10-03 19:11:49,388: INFO: main: >>>>>> stage Data Preprocessing stage started <<<<<<]
[2024-10-03 19:11:49,388: INFO: common: yaml file: config\config.yaml loaded successfully]
[2024-10-03 19:11:49,388: INFO: common: yaml file: schema.yaml loaded successfully]
[2024-10-03 19:11:49,388: INFO: common: created directory at: artifacts/data_preprocessing]
[2024-10-03 19:11:49,572: INFO: main: >>>>>> stage Data Preprocessing stage completed <<<<<<]
[2024-10-03 19:11:49,572: INFO: main: >>>>>> stage Data Transformation stage started <<<<<<]
[2024-10-03 19:11:49,572: INFO: common: yaml file: config\config.yaml loaded successfully]
[2024-10-03 19:11:49,586: INFO: common: yaml file: schema.yaml loaded successfully]
[2024-10-03 19:11:49,587: INFO: common: created directory at: artifacts/data_transformation]
[2024-10-03 19:11:49,662: INFO: main: >>>>>> stage Data Transformation stage completed <<<<<<]
[2024-10-03 19:11:49,662: INFO: main: >>>>>> stage Model Training stage started <<<<<<]
[2024-10-03 19:11:49,670: INFO: common: yaml file: config\config.yaml loaded successfully]
[2024-10-03 19:11:49,672: INFO: common: yaml file: schema.yaml loaded successfully]
[2024-10-03 19:11:49,672: INFO: common: created directory at: artifacts/model_trainer]
[2024-10-03 19:11:49,769: ERROR: stage_05_model_trainer: An error occurred in model trainer : "'ConfigBox' object has no attribute 'target_column'"]
[2024-10-03 19:11:49,769: INFO: main: >>>>>> stage Model Training stage completed <<<<<<]
[2024-10-03 19:12:46,679: INFO: main: >>>>>> stage Data Validation stage started <<<<<<]
[2024-10-03 19:12:46,679: INFO: common: yaml file: config\config.yaml loaded successfully]
[2024-10-03 19:12:46,679: INFO: common: yaml file: schema.yaml loaded successfully]
[2024-10-03 19:12:46,679: INFO: common: created directory at: artifacts/data_validation]
[2024-10-03 19:12:47,216: INFO: main: >>>>>> stage Data Validation stage completed <<<<<<]
[2024-10-03 19:12:47,216: INFO: main: >>>>>> stage Data Preprocessing stage started <<<<<<]
[2024-10-03 19:12:47,216: INFO: common: yaml file: config\config.yaml loaded successfully]
[2024-10-03 19:12:47,216: INFO: common: yaml file: schema.yaml loaded successfully]
[2024-10-03 19:12:47,216: INFO: common: created directory at: artifacts/data_preprocessing]
[2024-10-03 19:12:47,391: INFO: main: >>>>>> stage Data Preprocessing stage completed <<<<<<]
[2024-10-03 19:12:47,391: INFO: main: >>>>>> stage Data Transformation stage started <<<<<<]
[2024-10-03 19:12:47,391: INFO: common: yaml file: config\config.yaml loaded successfully]
[2024-10-03 19:12:47,391: INFO: common: yaml file: schema.yaml loaded successfully]
[2024-10-03 19:12:47,391: INFO: common: created directory at: artifacts/data_transformation]
[2024-10-03 19:12:47,492: INFO: main: >>>>>> stage Data Transformation stage completed <<<<<<]
[2024-10-03 19:12:47,493: INFO: main: >>>>>> stage Model Training stage started <<<<<<]
[2024-10-03 19:12:47,496: INFO: common: yaml file: config\config.yaml loaded successfully]
[2024-10-03 19:12:47,497: INFO: common: yaml file: schema.yaml loaded successfully]
[2024-10-03 19:12:47,498: INFO: common: created directory at: artifacts/model_trainer]
[2024-10-03 19:12:47,597: INFO: main: >>>>>> stage Model Training stage completed <<<<<<]
[2024-10-03 19:16:15,087: INFO: main: >>>>>> stage Data Validation stage started <<<<<<]
[2024-10-03 19:16:15,090: INFO: common: yaml file: config\config.yaml loaded successfully]
[2024-10-03 19:16:15,092: INFO: common: yaml file: schema.yaml loaded successfully]
[2024-10-03 19:16:15,092: INFO: common: created directory at: artifacts/data_validation]
[2024-10-03 19:16:15,609: INFO: main: >>>>>> stage Data Validation stage completed <<<<<<]
[2024-10-03 19:16:15,609: INFO: main: >>>>>> stage Data Preprocessing stage started <<<<<<]
[2024-10-03 19:16:15,609: INFO: common: yaml file: config\config.yaml loaded successfully]
[2024-10-03 19:16:15,609: INFO: common: yaml file: schema.yaml loaded successfully]
[2024-10-03 19:16:15,609: INFO: common: created directory at: artifacts/data_preprocessing]
[2024-10-03 19:16:15,783: INFO: main: >>>>>> stage Data Preprocessing stage completed <<<<<<]
[2024-10-03 19:16:15,783: INFO: main: >>>>>> stage Data Transformation stage started <<<<<<]
[2024-10-03 19:16:15,798: INFO: common: yaml file: config\config.yaml loaded successfully]
[2024-10-03 19:16:15,800: INFO: common: yaml file: schema.yaml loaded successfully]
[2024-10-03 19:16:15,800: INFO: common: created directory at: artifacts/data_transformation]
[2024-10-03 19:16:15,880: INFO: main: >>>>>> stage Data Transformation stage completed <<<<<<]
[2024-10-03 19:16:15,880: INFO: main: >>>>>> stage Model Training stage started <<<<<<]
[2024-10-03 19:16:15,883: INFO: common: yaml file: config\config.yaml loaded successfully]
[2024-10-03 19:16:15,884: INFO: common: yaml file: schema.yaml loaded successfully]
[2024-10-03 19:16:15,885: INFO: common: created directory at: artifacts/model_trainer]
[2024-10-03 19:16:15,979: ERROR: stage_05_model_trainer: An error occurred in model trainer : "'ConfigBox' object has no attribute 'train_x_data_file'"]
[2024-10-03 19:16:15,979: INFO: main: >>>>>> stage Model Training stage completed <<<<<<]
[2024-10-03 19:22:34,381: INFO: main: >>>>>> stage Data Validation stage started <<<<<<]
[2024-10-03 19:22:34,393: INFO: common: yaml file: config\config.yaml loaded successfully]
[2024-10-03 19:22:34,396: INFO: common: yaml file: schema.yaml loaded successfully]
[2024-10-03 19:22:34,396: INFO: common: created directory at: artifacts/data_validation]
[2024-10-03 19:22:35,229: INFO: main: >>>>>> stage Data Validation stage completed <<<<<<]
[2024-10-03 19:22:35,229: INFO: main: >>>>>> stage Data Preprocessing stage started <<<<<<]
[2024-10-03 19:22:35,251: INFO: common: yaml file: config\config.yaml loaded successfully]
[2024-10-03 19:22:35,251: INFO: common: yaml file: schema.yaml loaded successfully]
[2024-10-03 19:22:35,251: INFO: common: created directory at: artifacts/data_preprocessing]
[2024-10-03 19:22:35,937: INFO: main: >>>>>> stage Data Preprocessing stage completed <<<<<<]
[2024-10-03 19:22:35,937: INFO: main: >>>>>> stage Data Transformation stage started <<<<<<]
[2024-10-03 19:22:35,962: INFO: common: yaml file: config\config.yaml loaded successfully]
[2024-10-03 19:22:35,966: INFO: common: yaml file: schema.yaml loaded successfully]
[2024-10-03 19:22:35,967: INFO: common: created directory at: artifacts/data_transformation]
[2024-10-03 19:22:36,216: INFO: main: >>>>>> stage Data Transformation stage completed <<<<<<]
[2024-10-03 19:22:36,216: INFO: main: >>>>>> stage Model Training stage started <<<<<<]
[2024-10-03 19:22:47,199: INFO: common: yaml file: config\config.yaml loaded successfully]
[2024-10-03 19:22:50,938: INFO: common: yaml file: schema.yaml loaded successfully]
[2024-10-03 19:33:34,776: INFO: main: >>>>>> stage Data Validation stage started <<<<<<]
[2024-10-03 19:33:34,790: INFO: common: yaml file: config\config.yaml loaded successfully]
[2024-10-03 19:33:34,790: INFO: common: yaml file: schema.yaml loaded successfully]
[2024-10-03 19:33:34,790: INFO: common: created directory at: artifacts/data_validation]
[2024-10-03 19:33:35,677: INFO: main: >>>>>> stage Data Validation stage completed <<<<<<]
[2024-10-03 19:33:35,677: INFO: main: >>>>>> stage Data Preprocessing stage started <<<<<<]
[2024-10-03 19:33:35,681: INFO: common: yaml file: config\config.yaml loaded successfully]
[2024-10-03 19:33:35,695: INFO: common: yaml file: schema.yaml loaded successfully]
[2024-10-03 19:33:35,696: INFO: common: created directory at: artifacts/data_preprocessing]
[2024-10-03 19:33:36,469: INFO: main: >>>>>> stage Data Preprocessing stage completed <<<<<<]
[2024-10-03 19:33:36,469: INFO: main: >>>>>> stage Data Transformation stage started <<<<<<]
[2024-10-03 19:33:36,480: INFO: common: yaml file: config\config.yaml loaded successfully]
[2024-10-03 19:33:36,484: INFO: common: yaml file: schema.yaml loaded successfully]
[2024-10-03 19:33:36,485: INFO: common: created directory at: artifacts/data_transformation]
[2024-10-03 19:33:36,743: INFO: main: >>>>>> stage Data Transformation stage completed <<<<<<]
[2024-10-03 19:33:36,743: INFO: main: >>>>>> stage Model Training stage started <<<<<<]
[2024-10-03 19:33:45,258: INFO: common: yaml file: config\config.yaml loaded successfully]
[2024-10-03 19:33:45,260: INFO: common: yaml file: schema.yaml loaded successfully]
[2024-10-03 19:33:46,810: INFO: common: created directory at: artifacts/model_trainer]
[2024-10-03 19:34:11,094: ERROR: stage_05_model_trainer: An error occurred in model trainer : "'ConfigBox' object has no attribute 'target_column'"]
[2024-10-03 19:34:12,872: INFO: main: >>>>>> stage Model Training stage completed <<<<<<]
[2024-10-03 19:36:09,340: INFO: main: >>>>>> stage Data Validation stage started <<<<<<]
[2024-10-03 19:36:09,357: INFO: common: yaml file: config\config.yaml loaded successfully]
[2024-10-03 19:36:09,358: INFO: common: yaml file: schema.yaml loaded successfully]
[2024-10-03 19:36:09,358: INFO: common: created directory at: artifacts/data_validation]
[2024-10-03 19:36:09,887: INFO: main: >>>>>> stage Data Validation stage completed <<<<<<]
[2024-10-03 19:36:09,887: INFO: main: >>>>>> stage Data Preprocessing stage started <<<<<<]
[2024-10-03 19:36:09,887: INFO: common: yaml file: config\config.yaml loaded successfully]
[2024-10-03 19:36:09,887: INFO: common: yaml file: schema.yaml loaded successfully]
[2024-10-03 19:36:09,887: INFO: common: created directory at: artifacts/data_preprocessing]
[2024-10-03 19:36:10,058: INFO: main: >>>>>> stage Data Preprocessing stage completed <<<<<<]
[2024-10-03 19:36:10,073: INFO: main: >>>>>> stage Data Transformation stage started <<<<<<]
[2024-10-03 19:36:10,076: INFO: common: yaml file: config\config.yaml loaded successfully]
[2024-10-03 19:36:10,077: INFO: common: yaml file: schema.yaml loaded successfully]
[2024-10-03 19:36:10,078: INFO: common: created directory at: artifacts/data_transformation]
[2024-10-03 19:36:10,161: INFO: main: >>>>>> stage Data Transformation stage completed <<<<<<]
[2024-10-03 19:36:10,161: INFO: main: >>>>>> stage Model Training stage started <<<<<<]
[2024-10-03 19:36:10,164: INFO: common: yaml file: config\config.yaml loaded successfully]
[2024-10-03 19:36:10,166: INFO: common: yaml file: schema.yaml loaded successfully]
[2024-10-03 19:36:10,167: INFO: common: created directory at: artifacts/model_trainer]
[2024-10-03 19:36:10,259: ERROR: stage_05_model_trainer: An error occurred in model trainer : Cannot save file into a non-existent directory: 'artifacts\model_trainer\train']
[2024-10-03 19:36:10,260: INFO: main: >>>>>> stage Model Training stage completed <<<<<<]
[2024-10-03 19:40:38,845: INFO: main: >>>>>> stage Data Validation stage started <<<<<<]
[2024-10-03 19:40:38,845: INFO: common: yaml file: config\config.yaml loaded successfully]
[2024-10-03 19:40:38,853: INFO: common: yaml file: schema.yaml loaded successfully]
[2024-10-03 19:40:38,854: INFO: common: created directory at: artifacts/data_validation]
[2024-10-03 19:40:39,407: INFO: main: >>>>>> stage Data Validation stage completed <<<<<<]
[2024-10-03 19:40:39,408: INFO: main: >>>>>> stage Data Preprocessing stage started <<<<<<]
[2024-10-03 19:40:39,409: INFO: common: yaml file: config\config.yaml loaded successfully]
[2024-10-03 19:40:39,409: INFO: common: yaml file: schema.yaml loaded successfully]
[2024-10-03 19:40:39,414: INFO: common: created directory at: artifacts/data_preprocessing]
[2024-10-03 19:40:39,608: INFO: main: >>>>>> stage Data Preprocessing stage completed <<<<<<]
[2024-10-03 19:40:39,608: INFO: main: >>>>>> stage Data Transformation stage started <<<<<<]
[2024-10-03 19:40:39,612: INFO: common: yaml file: config\config.yaml loaded successfully]
[2024-10-03 19:40:39,613: INFO: common: yaml file: schema.yaml loaded successfully]
[2024-10-03 19:40:39,614: INFO: common: created directory at: artifacts/data_transformation]
[2024-10-03 19:40:39,694: INFO: main: >>>>>> stage Data Transformation stage completed <<<<<<]
[2024-10-03 19:40:39,694: INFO: main: >>>>>> stage Model Training stage started <<<<<<]
[2024-10-03 19:40:39,704: INFO: common: yaml file: config\config.yaml loaded successfully]
[2024-10-03 19:40:39,708: INFO: common: yaml file: schema.yaml loaded successfully]
[2024-10-03 19:40:39,708: INFO: common: created directory at: artifacts/model_trainer]
[2024-10-03 19:40:39,710: INFO: common: created directory at: artifacts/data_trainer/train]
[2024-10-03 19:40:39,711: INFO: common: created directory at: artifacts/data_trainer/test]
[2024-10-03 19:40:39,795: ERROR: stage_05_model_trainer: An error occurred in model trainer : Cannot save file into a non-existent directory: 'artifacts\model_trainer\train']
[2024-10-03 19:40:39,795: INFO: main: >>>>>> stage Model Training stage completed <<<<<<]
[2024-10-03 19:44:04,187: INFO: main: >>>>>> stage Data Validation stage started <<<<<<]
[2024-10-03 19:44:04,187: INFO: common: yaml file: config\config.yaml loaded successfully]
[2024-10-03 19:44:04,187: INFO: common: yaml file: schema.yaml loaded successfully]
[2024-10-03 19:44:04,187: INFO: common: created directory at: artifacts/data_validation]
[2024-10-03 19:44:04,738: INFO: main: >>>>>> stage Data Validation stage completed <<<<<<]
[2024-10-03 19:44:04,738: INFO: main: >>>>>> stage Data Preprocessing stage started <<<<<<]
[2024-10-03 19:44:04,754: INFO: common: yaml file: config\config.yaml loaded successfully]
[2024-10-03 19:44:04,759: INFO: common: yaml file: schema.yaml loaded successfully]
[2024-10-03 19:44:04,760: INFO: common: created directory at: artifacts/data_preprocessing]
[2024-10-03 19:44:04,933: INFO: main: >>>>>> stage Data Preprocessing stage completed <<<<<<]
[2024-10-03 19:44:04,933: INFO: main: >>>>>> stage Data Transformation stage started <<<<<<]
[2024-10-03 19:44:04,933: INFO: common: yaml file: config\config.yaml loaded successfully]
[2024-10-03 19:44:04,933: INFO: common: yaml file: schema.yaml loaded successfully]
[2024-10-03 19:44:04,933: INFO: common: created directory at: artifacts/data_transformation]
[2024-10-03 19:44:05,025: INFO: main: >>>>>> stage Data Transformation stage completed <<<<<<]
[2024-10-03 19:44:05,025: INFO: main: >>>>>> stage Model Training stage started <<<<<<]
[2024-10-03 19:44:05,029: INFO: common: yaml file: config\config.yaml loaded successfully]
[2024-10-03 19:44:05,031: INFO: common: yaml file: schema.yaml loaded successfully]
[2024-10-03 19:44:05,032: INFO: common: created directory at: artifacts/model_trainer]
[2024-10-03 19:44:05,033: INFO: common: created directory at: artifacts/model_trainer/train]
[2024-10-03 19:44:05,034: INFO: common: created directory at: artifacts/model_trainer/test]
[2024-10-03 19:44:05,890: ERROR: stage_05_model_trainer: An error occurred in model trainer : Cannot save file into a non-existent directory: 'artifacts\data_transformation\test']
[2024-10-03 19:44:05,890: INFO: main: >>>>>> stage Model Training stage completed <<<<<<]
[2024-10-03 19:46:18,121: INFO: main: >>>>>> stage Data Validation stage started <<<<<<]
[2024-10-03 19:46:18,121: INFO: common: yaml file: config\config.yaml loaded successfully]
[2024-10-03 19:46:18,121: INFO: common: yaml file: schema.yaml loaded successfully]
[2024-10-03 19:46:18,136: INFO: common: created directory at: artifacts/data_validation]
[2024-10-03 19:46:18,752: INFO: main: >>>>>> stage Data Validation stage completed <<<<<<]
[2024-10-03 19:46:18,752: INFO: main: >>>>>> stage Data Preprocessing stage started <<<<<<]
[2024-10-03 19:46:18,752: INFO: common: yaml file: config\config.yaml loaded successfully]
[2024-10-03 19:46:18,752: INFO: common: yaml file: schema.yaml loaded successfully]
[2024-10-03 19:46:18,752: INFO: common: created directory at: artifacts/data_preprocessing]
[2024-10-03 19:46:18,946: INFO: main: >>>>>> stage Data Preprocessing stage completed <<<<<<]
[2024-10-03 19:46:18,947: INFO: main: >>>>>> stage Data Transformation stage started <<<<<<]
[2024-10-03 19:46:18,949: INFO: common: yaml file: config\config.yaml loaded successfully]
[2024-10-03 19:46:18,950: INFO: common: yaml file: schema.yaml loaded successfully]
[2024-10-03 19:46:18,951: INFO: common: created directory at: artifacts/data_transformation]
[2024-10-03 19:46:19,035: INFO: main: >>>>>> stage Data Transformation stage completed <<<<<<]
[2024-10-03 19:46:19,036: INFO: main: >>>>>> stage Model Training stage started <<<<<<]
[2024-10-03 19:46:19,047: INFO: common: yaml file: config\config.yaml loaded successfully]
[2024-10-03 19:46:19,052: INFO: common: yaml file: schema.yaml loaded successfully]
[2024-10-03 19:46:19,053: INFO: common: created directory at: artifacts/model_trainer]
[2024-10-03 19:46:19,054: INFO: common: created directory at: artifacts/model_trainer/train]
[2024-10-03 19:46:19,055: INFO: common: created directory at: artifacts/model_trainer/test]
[2024-10-03 19:46:20,033: INFO: main: >>>>>> stage Model Training stage completed <<<<<<]
[2024-10-04 09:35:33,847: INFO: main: >>>>>> stage Data Validation stage started <<<<<<]
[2024-10-04 09:35:33,851: INFO: common: yaml file: config\config.yaml loaded successfully]
[2024-10-04 09:35:33,854: INFO: common: yaml file: schema.yaml loaded successfully]
[2024-10-04 09:35:33,854: INFO: common: created directory at: artifacts/data_validation]
[2024-10-04 09:35:34,574: INFO: main: >>>>>> stage Data Validation stage completed <<<<<<]
[2024-10-04 09:35:34,575: INFO: main: >>>>>> stage Data Preprocessing stage started <<<<<<]
[2024-10-04 09:35:34,578: INFO: common: yaml file: config\config.yaml loaded successfully]
[2024-10-04 09:35:34,579: INFO: common: yaml file: schema.yaml loaded successfully]
[2024-10-04 09:35:34,580: INFO: common: created directory at: artifacts/data_preprocessing]
[2024-10-04 09:35:34,826: INFO: main: >>>>>> stage Data Preprocessing stage completed <<<<<<]
[2024-10-04 09:35:34,826: INFO: main: >>>>>> stage Data Transformation stage started <<<<<<]
[2024-10-04 09:35:34,829: INFO: common: yaml file: config\config.yaml loaded successfully]
[2024-10-04 09:35:34,830: INFO: common: yaml file: schema.yaml loaded successfully]
[2024-10-04 09:35:34,832: INFO: common: created directory at: artifacts/data_transformation]
[2024-10-04 09:35:34,947: INFO: main: >>>>>> stage Data Transformation stage completed <<<<<<]
[2024-10-04 09:35:34,947: INFO: main: >>>>>> stage Model Training stage started <<<<<<]
[2024-10-04 09:35:34,954: INFO: common: yaml file: config\config.yaml loaded successfully]
[2024-10-04 09:35:34,955: INFO: common: yaml file: schema.yaml loaded successfully]
[2024-10-04 09:35:34,955: INFO: common: created directory at: artifacts/model_trainer]
[2024-10-04 09:35:34,955: INFO: common: created directory at: artifacts/model_trainer/train]
[2024-10-04 09:35:34,955: INFO: common: created directory at: artifacts/model_trainer/test]
[2024-10-04 09:35:36,138: ERROR: stage_05_model_trainer: An error occurred in model trainer : "'ConfigBox' object has no attribute 'n_units_layer1'"]
[2024-10-04 09:35:36,139: INFO: main: >>>>>> stage Model Training stage completed <<<<<<]
[2024-10-04 09:40:08,166: INFO: main: >>>>>> stage Data Validation stage started <<<<<<]
[2024-10-04 09:40:08,169: INFO: common: yaml file: config\config.yaml loaded successfully]
[2024-10-04 09:40:08,170: INFO: common: yaml file: schema.yaml loaded successfully]
[2024-10-04 09:40:08,171: INFO: common: created directory at: artifacts/data_validation]
[2024-10-04 09:40:08,725: INFO: main: >>>>>> stage Data Validation stage completed <<<<<<]
[2024-10-04 09:40:08,727: INFO: main: >>>>>> stage Data Preprocessing stage started <<<<<<]
[2024-10-04 09:40:08,729: INFO: common: yaml file: config\config.yaml loaded successfully]
[2024-10-04 09:40:08,730: INFO: common: yaml file: schema.yaml loaded successfully]
[2024-10-04 09:40:08,731: INFO: common: created directory at: artifacts/data_preprocessing]
[2024-10-04 09:40:08,947: INFO: main: >>>>>> stage Data Preprocessing stage completed <<<<<<]
[2024-10-04 09:40:08,947: INFO: main: >>>>>> stage Data Transformation stage started <<<<<<]
[2024-10-04 09:40:08,955: INFO: common: yaml file: config\config.yaml loaded successfully]
[2024-10-04 09:40:08,960: INFO: common: yaml file: schema.yaml loaded successfully]
[2024-10-04 09:40:08,961: INFO: common: created directory at: artifacts/data_transformation]
[2024-10-04 09:40:09,111: INFO: main: >>>>>> stage Data Transformation stage completed <<<<<<]
[2024-10-04 09:40:09,111: INFO: main: >>>>>> stage Model Training stage started <<<<<<]
[2024-10-04 09:40:09,119: INFO: common: yaml file: config\config.yaml loaded successfully]
[2024-10-04 09:40:09,121: INFO: common: yaml file: schema.yaml loaded successfully]
[2024-10-04 09:40:09,121: INFO: common: created directory at: artifacts/model_trainer]
[2024-10-04 09:40:09,122: INFO: common: created directory at: artifacts/model_trainer/train]
[2024-10-04 09:40:09,123: INFO: common: created directory at: artifacts/model_trainer/test]
[2024-10-04 09:47:54,487: INFO: main: >>>>>> stage Model Training stage completed <<<<<<]
[2024-10-04 10:19:14,823: INFO: main: >>>>>> stage Data Validation stage started <<<<<<]
[2024-10-04 10:19:14,827: INFO: common: yaml file: config\config.yaml loaded successfully]
[2024-10-04 10:19:14,829: INFO: common: yaml file: schema.yaml loaded successfully]
[2024-10-04 10:19:14,830: INFO: common: created directory at: artifacts/data_validation]
[2024-10-04 10:19:15,479: INFO: main: >>>>>> stage Data Validation stage completed <<<<<<]
[2024-10-04 10:19:15,480: INFO: main: >>>>>> stage Data Preprocessing stage started <<<<<<]
[2024-10-04 10:19:15,483: INFO: common: yaml file: config\config.yaml loaded successfully]
[2024-10-04 10:19:15,484: INFO: common: yaml file: schema.yaml loaded successfully]
[2024-10-04 10:19:15,485: INFO: common: created directory at: artifacts/data_preprocessing]
[2024-10-04 10:19:15,669: INFO: main: >>>>>> stage Data Preprocessing stage completed <<<<<<]
[2024-10-04 10:19:15,670: INFO: main: >>>>>> stage Data Transformation stage started <<<<<<]
[2024-10-04 10:19:15,673: INFO: common: yaml file: config\config.yaml loaded successfully]
[2024-10-04 10:19:15,674: INFO: common: yaml file: schema.yaml loaded successfully]
[2024-10-04 10:19:15,675: INFO: common: created directory at: artifacts/data_transformation]
[2024-10-04 10:19:15,762: INFO: main: >>>>>> stage Data Transformation stage completed <<<<<<]
[2024-10-04 10:19:15,762: INFO: main: >>>>>> stage Model Training stage started <<<<<<]
[2024-10-04 10:19:15,765: INFO: common: yaml file: config\config.yaml loaded successfully]
[2024-10-04 10:19:15,766: INFO: common: yaml file: schema.yaml loaded successfully]
[2024-10-04 10:19:15,767: INFO: common: created directory at: artifacts/model_trainer]
[2024-10-04 10:19:15,767: INFO: common: created directory at: artifacts/model_trainer/train]
[2024-10-04 10:19:15,767: INFO: common: created directory at: artifacts/model_trainer/test]
[2024-10-04 10:19:27,699: INFO: main: >>>>>> stage Model Training stage completed <<<<<<]
[2024-10-04 18:24:35,136: INFO: common: yaml file: config\config.yaml loaded successfully]
[2024-10-04 18:24:35,138: INFO: common: yaml file: schema.yaml loaded successfully]
[2024-10-04 18:24:35,138: ERROR: 928256938: An error occurred during data preprocessing: name 'get_data_transformation_config' is not defined]
[2024-10-04 18:34:02,981: INFO: common: yaml file: config\config.yaml loaded successfully]
[2024-10-04 18:34:02,981: INFO: common: yaml file: schema.yaml loaded successfully]
[2024-10-04 18:34:02,981: INFO: common: created directory at: artifacts/model_evaluation]
[2024-10-04 18:34:02,981: ERROR: 3364452411: An error occurred during data preprocessing: 'ModelEvaluationConfig' object has no attribute 'train_x_path']
[2024-10-05 01:11:43,426: INFO: common: yaml file: config\config.yaml loaded successfully]
[2024-10-05 01:11:43,430: INFO: common: yaml file: schema.yaml loaded successfully]
[2024-10-05 01:11:43,432: ERROR: 2746121487: An error occurred during data preprocessing: get_model_trainer_config() missing 1 required positional argument: 'schema']
[2024-10-05 01:14:25,963: INFO: common: yaml file: config\config.yaml loaded successfully]
[2024-10-05 01:14:25,966: INFO: common: yaml file: schema.yaml loaded successfully]
[2024-10-05 01:14:25,971: ERROR: 3881126301: An error occurred during data preprocessing: "'ConfigBox' object has no attribute 'model_name'"]
[2024-10-05 01:29:36,524: INFO: common: yaml file: config\config.yaml loaded successfully]
[2024-10-05 01:29:36,528: INFO: common: yaml file: schema.yaml loaded successfully]
[2024-10-05 01:29:36,529: ERROR: 1167381409: An error occurred during model evaluation: "'ConfigBox' object has no attribute 'model_name'"]
[2024-10-05 01:33:32,463: INFO: common: yaml file: config\config.yaml loaded successfully]
[2024-10-05 01:33:32,466: INFO: common: yaml file: schema.yaml loaded successfully]
[2024-10-05 01:33:32,468: ERROR: 1167381409: An error occurred during model evaluation: "'ConfigBox' object has no attribute 'model_name'"]
[2024-10-05 01:36:39,477: INFO: common: yaml file: config\config.yaml loaded successfully]
[2024-10-05 01:36:39,484: INFO: common: yaml file: schema.yaml loaded successfully]
[2024-10-05 01:40:09,829: INFO: common: yaml file: config\config.yaml loaded successfully]
[2024-10-05 01:40:09,832: INFO: common: yaml file: schema.yaml loaded successfully]
[2024-10-05 01:41:03,374: INFO: common: yaml file: config\config.yaml loaded successfully]
[2024-10-05 01:41:03,374: INFO: common: yaml file: schema.yaml loaded successfully]
[2024-10-05 01:41:03,374: INFO: common: created directory at: artifacts/model_evaluation]
[2024-10-05 01:47:06,811: INFO: common: yaml file: config\config.yaml loaded successfully]
[2024-10-05 01:47:06,819: INFO: common: yaml file: schema.yaml loaded successfully]
[2024-10-05 01:47:06,826: INFO: common: created directory at: artifacts/model_evaluation]
[2024-10-05 01:53:32,193: INFO: common: yaml file: config\config.yaml loaded successfully]
[2024-10-05 01:53:32,198: INFO: common: yaml file: schema.yaml loaded successfully]
[2024-10-05 01:53:32,203: INFO: common: created directory at: artifacts/model_evaluation]
[2024-10-05 01:53:32,938: ERROR: 3424945265: An error occurred during model evaluation: 'ModelTrainerConfig' object has no attribute 'model_path']
[2024-10-05 01:55:37,092: INFO: common: yaml file: config\config.yaml loaded successfully]
[2024-10-05 01:55:37,092: INFO: common: yaml file: schema.yaml loaded successfully]
[2024-10-05 01:55:37,098: INFO: common: created directory at: artifacts/model_evaluation]
[2024-10-05 10:18:54,766: INFO: main: >>>>>> stage Data Validation stage started <<<<<<]
[2024-10-05 10:18:54,770: INFO: common: yaml file: config\config.yaml loaded successfully]
[2024-10-05 10:18:54,771: INFO: common: yaml file: schema.yaml loaded successfully]
[2024-10-05 10:18:54,771: INFO: common: created directory at: artifacts/data_validation]
[2024-10-05 10:18:55,381: INFO: main: >>>>>> stage Data Validation stage completed <<<<<<]
[2024-10-05 10:18:55,381: INFO: main: >>>>>> stage Data Preprocessing stage started <<<<<<]
[2024-10-05 10:18:55,381: INFO: common: yaml file: config\config.yaml loaded successfully]
[2024-10-05 10:18:55,397: INFO: common: yaml file: schema.yaml loaded successfully]
[2024-10-05 10:18:55,397: INFO: common: created directory at: artifacts/data_preprocessing]
[2024-10-05 10:18:55,598: INFO: main: >>>>>> stage Data Preprocessing stage completed <<<<<<]
[2024-10-05 10:18:55,598: INFO: main: >>>>>> stage Data Transformation stage started <<<<<<]
[2024-10-05 10:18:55,615: INFO: common: yaml file: config\config.yaml loaded successfully]
[2024-10-05 10:18:55,615: INFO: common: yaml file: schema.yaml loaded successfully]
[2024-10-05 10:18:55,615: INFO: common: created directory at: artifacts/data_transformation]
[2024-10-05 10:18:55,703: INFO: main: >>>>>> stage Data Transformation stage completed <<<<<<]
[2024-10-05 10:18:55,703: INFO: main: >>>>>> stage Model Training stage started <<<<<<]
[2024-10-05 10:18:55,704: INFO: common: yaml file: config\config.yaml loaded successfully]
[2024-10-05 10:18:55,704: INFO: common: yaml file: schema.yaml loaded successfully]
[2024-10-05 10:18:55,704: INFO: common: created directory at: artifacts/model_trainer]
[2024-10-05 10:18:55,704: INFO: common: created directory at: artifacts/model_trainer/train]
[2024-10-05 10:18:55,704: INFO: common: created directory at: artifacts/model_trainer/test]
[2024-10-05 10:26:26,463: INFO: main: >>>>>> stage Model Training stage completed <<<<<<]
[2024-10-05 10:26:26,463: INFO: main: >>>>>> stage Model Evaluation stage started <<<<<<]
[2024-10-05 10:26:26,479: INFO: common: yaml file: config\config.yaml loaded successfully]
[2024-10-05 10:26:26,485: INFO: common: yaml file: schema.yaml loaded successfully]
[2024-10-05 10:26:26,486: INFO: common: created directory at: artifacts/model_evaluation]
[2024-10-05 10:26:31,043: INFO: main: >>>>>> stage Model Evaluation stage completed <<<<<<]
[2024-10-18 10:11:09,834: INFO: main: >>>>>> stage Data Validation stage started <<<<<<]
[2024-10-18 10:11:09,834: INFO: common: yaml file: config\config.yaml loaded successfully]
[2024-10-18 10:11:09,834: INFO: common: yaml file: schema.yaml loaded successfully]
[2024-10-18 10:11:09,834: INFO: common: created directory at: artifacts/data_validation]
[2024-10-18 10:11:10,509: INFO: main: >>>>>> stage Data Validation stage completed <<<<<<]
[2024-10-18 10:11:10,509: INFO: main: >>>>>> stage Data Preprocessing stage started <<<<<<]
[2024-10-18 10:11:10,509: INFO: common: yaml file: config\config.yaml loaded successfully]
[2024-10-18 10:11:10,509: INFO: common: yaml file: schema.yaml loaded successfully]
[2024-10-18 10:11:10,509: INFO: common: created directory at: artifacts/data_preprocessing]
[2024-10-18 10:11:10,718: INFO: main: >>>>>> stage Data Preprocessing stage completed <<<<<<]
[2024-10-18 10:11:10,718: INFO: main: >>>>>> stage Data Transformation stage started <<<<<<]
[2024-10-18 10:11:10,720: INFO: common: yaml file: config\config.yaml loaded successfully]
[2024-10-18 10:11:10,720: INFO: common: yaml file: schema.yaml loaded successfully]
[2024-10-18 10:11:10,720: INFO: common: created directory at: artifacts/data_transformation]
[2024-10-18 10:11:10,809: INFO: main: >>>>>> stage Data Transformation stage completed <<<<<<]
[2024-10-18 10:11:10,809: INFO: main: >>>>>> stage Model Training stage started <<<<<<]
[2024-10-18 10:11:10,811: INFO: common: yaml file: config\config.yaml loaded successfully]
[2024-10-18 10:11:10,813: INFO: common: yaml file: schema.yaml loaded successfully]
[2024-10-18 10:11:10,813: INFO: common: created directory at: artifacts/model_trainer]
[2024-10-18 10:11:10,813: INFO: common: created directory at: artifacts/model_trainer/train]
[2024-10-18 10:11:10,815: INFO: common: created directory at: artifacts/model_trainer/test]
[2024-10-18 10:19:48,190: INFO: main: >>>>>> stage Model Training stage completed <<<<<<]
[2024-10-18 10:19:48,190: INFO: main: >>>>>> stage Model Evaluation stage started <<<<<<]
[2024-10-18 10:19:48,202: INFO: common: yaml file: config\config.yaml loaded successfully]
[2024-10-18 10:19:48,204: INFO: common: yaml file: schema.yaml loaded successfully]
[2024-10-18 10:19:48,206: INFO: common: created directory at: artifacts/model_evaluation]
[2024-10-18 10:19:50,656: INFO: main: >>>>>> stage Model Evaluation stage completed <<<<<<]
[2024-10-24 13:45:43,308: ERROR: prediction: An error occurred during inference pipeline: inverse_transform_output() missing 1 required positional argument: 'lambda_value']
[2024-10-24 14:15:28,421: INFO: _internal: [31m[1mWARNING: This is a development server. Do not use it in a production deployment. Use a production WSGI server instead.[0m
 * Running on all addresses (0.0.0.0)
 * Running on http://127.0.0.1:8080
 * Running on http://10.10.206.64:8080]
[2024-10-24 14:15:28,422: INFO: _internal: [33mPress CTRL+C to quit[0m]
[2024-10-24 14:20:01,687: INFO: _internal: 127.0.0.1 - - [24/Oct/2024 14:20:01] "GET / HTTP/1.1" 200 -]
[2024-10-24 14:20:01,828: INFO: _internal: 127.0.0.1 - - [24/Oct/2024 14:20:01] "[33mGET /favicon.ico HTTP/1.1[0m" 404 -]
[2024-10-24 14:25:29,922: INFO: _internal: 127.0.0.1 - - [24/Oct/2024 14:25:29] "POST /predict HTTP/1.1" 200 -]
[2024-10-24 14:26:09,195: INFO: _internal: 127.0.0.1 - - [24/Oct/2024 14:26:09] "GET / HTTP/1.1" 200 -]
[2024-10-24 14:31:54,785: INFO: _internal: [31m[1mWARNING: This is a development server. Do not use it in a production deployment. Use a production WSGI server instead.[0m
 * Running on all addresses (0.0.0.0)
 * Running on http://127.0.0.1:8080
 * Running on http://10.10.206.64:8080]
[2024-10-24 14:31:54,786: INFO: _internal: [33mPress CTRL+C to quit[0m]
[2024-10-24 14:32:06,059: INFO: _internal: 127.0.0.1 - - [24/Oct/2024 14:32:06] "GET / HTTP/1.1" 200 -]
[2024-10-24 14:32:45,431: INFO: _internal: 127.0.0.1 - - [24/Oct/2024 14:32:45] "POST /predict HTTP/1.1" 200 -]
[2024-10-24 14:33:30,712: INFO: _internal: 127.0.0.1 - - [24/Oct/2024 14:33:30] "GET / HTTP/1.1" 200 -]
[2024-10-24 14:33:41,898: INFO: _internal: 127.0.0.1 - - [24/Oct/2024 14:33:41] "POST /predict HTTP/1.1" 200 -]
[2024-10-24 14:33:57,749: INFO: _internal: 127.0.0.1 - - [24/Oct/2024 14:33:57] "GET / HTTP/1.1" 200 -]
[2024-10-24 14:34:29,467: INFO: _internal: 127.0.0.1 - - [24/Oct/2024 14:34:29] "POST /predict HTTP/1.1" 200 -]
[2024-10-24 14:34:55,925: INFO: _internal: 127.0.0.1 - - [24/Oct/2024 14:34:55] "GET / HTTP/1.1" 200 -]
[2024-10-24 14:35:21,631: INFO: main: >>>>>> stage Data Validation stage started <<<<<<]
[2024-10-24 14:35:21,637: INFO: common: yaml file: config\config.yaml loaded successfully]
[2024-10-24 14:35:21,645: INFO: common: yaml file: schema.yaml loaded successfully]
[2024-10-24 14:35:21,650: INFO: common: created directory at: artifacts/data_validation]
[2024-10-24 14:35:22,518: INFO: main: >>>>>> stage Data Validation stage completed <<<<<<]
[2024-10-24 14:35:22,525: INFO: main: >>>>>> stage Data Preprocessing stage started <<<<<<]
[2024-10-24 14:35:22,525: INFO: common: yaml file: config\config.yaml loaded successfully]
[2024-10-24 14:35:22,531: INFO: common: yaml file: schema.yaml loaded successfully]
[2024-10-24 14:35:22,532: INFO: common: created directory at: artifacts/data_preprocessing]
[2024-10-24 14:35:22,828: INFO: main: >>>>>> stage Data Preprocessing stage completed <<<<<<]
[2024-10-24 14:35:22,829: INFO: main: >>>>>> stage Data Transformation stage started <<<<<<]
[2024-10-24 14:35:22,835: INFO: common: yaml file: config\config.yaml loaded successfully]
[2024-10-24 14:35:22,845: INFO: common: yaml file: schema.yaml loaded successfully]
[2024-10-24 14:35:22,853: INFO: common: created directory at: artifacts/data_transformation]
[2024-10-24 14:35:22,914: ERROR: stage_04_data_transformer: An error occurred during data validation pipeline: 'tuple' object has no attribute 'set_index']
[2024-10-24 14:35:22,916: INFO: main: >>>>>> stage Data Transformation stage completed <<<<<<]
[2024-10-24 14:35:22,917: INFO: main: >>>>>> stage Model Training stage started <<<<<<]
[2024-10-24 14:35:22,921: INFO: common: yaml file: config\config.yaml loaded successfully]
[2024-10-24 14:35:22,922: INFO: common: yaml file: schema.yaml loaded successfully]
[2024-10-24 14:35:22,924: INFO: common: created directory at: artifacts/model_trainer]
[2024-10-24 14:35:22,925: INFO: common: created directory at: artifacts/model_trainer/train]
[2024-10-24 14:35:22,926: INFO: common: created directory at: artifacts/model_trainer/test]
[2024-10-24 14:45:25,494: INFO: main: >>>>>> stage Model Training stage completed <<<<<<]
[2024-10-24 14:45:25,495: INFO: main: >>>>>> stage Model Evaluation stage started <<<<<<]
[2024-10-24 14:45:25,502: INFO: common: yaml file: config\config.yaml loaded successfully]
[2024-10-24 14:45:25,506: INFO: common: yaml file: schema.yaml loaded successfully]
[2024-10-24 14:45:25,507: INFO: common: created directory at: artifacts/model_evaluation]
[2024-10-24 14:45:28,162: INFO: main: >>>>>> stage Model Evaluation stage completed <<<<<<]
[2024-10-24 14:45:28,904: INFO: _internal: 127.0.0.1 - - [24/Oct/2024 14:45:28] "GET /train HTTP/1.1" 200 -]
[2024-10-24 14:52:45,954: INFO: _internal: 127.0.0.1 - - [24/Oct/2024 14:52:45] "POST /predict HTTP/1.1" 200 -]
[2024-10-24 14:53:49,534: INFO: _internal: 127.0.0.1 - - [24/Oct/2024 14:53:49] "GET / HTTP/1.1" 200 -]
[2024-10-24 14:57:45,993: WARNING: polymorphic_function: 5 out of the last 5 calls to <function TensorFlowTrainer.make_predict_function.<locals>.one_step_on_data_distributed at 0x0000017077C65D30> triggered tf.function retracing. Tracing is expensive and the excessive number of tracings could be due to (1) creating @tf.function repeatedly in a loop, (2) passing tensors with different shapes, (3) passing Python objects instead of tensors. For (1), please define your @tf.function outside of the loop. For (2), @tf.function has reduce_retracing=True option that can avoid unnecessary retracing. For (3), please refer to https://www.tensorflow.org/guide/function#controlling_retracing and https://www.tensorflow.org/api_docs/python/tf/function for  more details.]
[2024-10-24 14:57:46,001: INFO: _internal: 127.0.0.1 - - [24/Oct/2024 14:57:46] "POST /predict HTTP/1.1" 200 -]
[2024-10-24 14:59:11,549: INFO: _internal: 127.0.0.1 - - [24/Oct/2024 14:59:11] "GET / HTTP/1.1" 200 -]
[2024-10-24 15:02:57,481: WARNING: polymorphic_function: 6 out of the last 6 calls to <function TensorFlowTrainer.make_predict_function.<locals>.one_step_on_data_distributed at 0x0000017079F128B0> triggered tf.function retracing. Tracing is expensive and the excessive number of tracings could be due to (1) creating @tf.function repeatedly in a loop, (2) passing tensors with different shapes, (3) passing Python objects instead of tensors. For (1), please define your @tf.function outside of the loop. For (2), @tf.function has reduce_retracing=True option that can avoid unnecessary retracing. For (3), please refer to https://www.tensorflow.org/guide/function#controlling_retracing and https://www.tensorflow.org/api_docs/python/tf/function for  more details.]
[2024-10-24 15:02:57,486: INFO: _internal: 127.0.0.1 - - [24/Oct/2024 15:02:57] "POST /predict HTTP/1.1" 200 -]
[2024-10-24 15:10:10,650: INFO: _internal: 127.0.0.1 - - [24/Oct/2024 15:10:10] "POST /predict HTTP/1.1" 200 -]
[2024-10-24 15:10:58,701: INFO: _internal: 127.0.0.1 - - [24/Oct/2024 15:10:58] "POST /predict HTTP/1.1" 200 -]
[2024-10-24 15:28:33,543: INFO: _internal: [31m[1mWARNING: This is a development server. Do not use it in a production deployment. Use a production WSGI server instead.[0m
 * Running on all addresses (0.0.0.0)
 * Running on http://127.0.0.1:8080
 * Running on http://10.10.206.64:8080]
[2024-10-24 15:28:33,543: INFO: _internal: [33mPress CTRL+C to quit[0m]
[2024-10-24 15:28:41,941: INFO: _internal: 127.0.0.1 - - [24/Oct/2024 15:28:41] "GET / HTTP/1.1" 200 -]
